<?xml version="1.0" encoding="UTF-8"?>
<!-- Generated by org.testng.reporters.JUnitReportReporter -->
<testsuite hostname="localhost.localdomain" name="com.yahoo.ycsb.generator.TestUnixEpochTimestampGenerator" tests="4" failures="0" timestamp="10 Jun 2019 11:15:24 GMT" time="0.000" errors="0">
  <testcase name="ctorWithIntervalAndUnitsAndStart" time="0.000" classname="com.yahoo.ycsb.generator.TestUnixEpochTimestampGenerator"/>
  <testcase name="ctorWithIntervalAndUnits" time="0.000" classname="com.yahoo.ycsb.generator.TestUnixEpochTimestampGenerator"/>
  <testcase name="variousIntervalsAndUnits" time="0.000" classname="com.yahoo.ycsb.generator.TestUnixEpochTimestampGenerator"/>
  <testcase name="defaultCtor" time="0.000" classname="com.yahoo.ycsb.generator.TestUnixEpochTimestampGenerator"/>
</testsuite>
